[2018-05-02 15:25:17] local.ERROR: SQLSTATE[42000]: Syntax error or access violation: 1071 Specified key was too long; max key length is 767 bytes (SQL: alter table `users` add unique `users_email_unique`(`email`)) {"exception":"[object] (Illuminate\\Database\\QueryException(code: 42000): SQLSTATE[42000]: Syntax error or access violation: 1071 Specified key was too long; max key length is 767 bytes (SQL: alter table `users` add unique `users_email_unique`(`email`)) at C:\\Users\\DG-Fer\\Documents\\lms\\temp\\vendor\\laravel\\framework\\src\\Illuminate\\Database\\Connection.php:664, PDOException(code: 42000): SQLSTATE[42000]: Syntax error or access violation: 1071 Specified key was too long; max key length is 767 bytes at C:\\Users\\DG-Fer\\Documents\\lms\\temp\\vendor\\laravel\\framework\\src\\Illuminate\\Database\\Connection.php:458)
[stacktrace]
#0 C:\\Users\\DG-Fer\\Documents\\lms\\temp\\vendor\\laravel\\framework\\src\\Illuminate\\Database\\Connection.php(624): Illuminate\\Database\\Connection->runQueryCallback('alter table `us...', Array, Object(Closure))
#1 C:\\Users\\DG-Fer\\Documents\\lms\\temp\\vendor\\laravel\\framework\\src\\Illuminate\\Database\\Connection.php(459): Illuminate\\Database\\Connection->run('alter table `us...', Array, Object(Closure))
#2 C:\\Users\\DG-Fer\\Documents\\lms\\temp\\vendor\\laravel\\framework\\src\\Illuminate\\Database\\Schema\\Blueprint.php(86): Illuminate\\Database\\Connection->statement('alter table `us...')
#3 C:\\Users\\DG-Fer\\Documents\\lms\\temp\\vendor\\laravel\\framework\\src\\Illuminate\\Database\\Schema\\Builder.php(252): Illuminate\\Database\\Schema\\Blueprint->build(Object(Illuminate\\Database\\MySqlConnection), Object(Illuminate\\Database\\Schema\\Grammars\\MySqlGrammar))
#4 C:\\Users\\DG-Fer\\Documents\\lms\\temp\\vendor\\laravel\\framework\\src\\Illuminate\\Database\\Schema\\Builder.php(165): Illuminate\\Database\\Schema\\Builder->build(Object(Illuminate\\Database\\Schema\\Blueprint))
#5 C:\\Users\\DG-Fer\\Documents\\lms\\temp\\vendor\\laravel\\framework\\src\\Illuminate\\Support\\Facades\\Facade.php(221): Illuminate\\Database\\Schema\\Builder->create('users', Object(Closure))
#6 C:\\Users\\DG-Fer\\Documents\\lms\\temp\\database\\migrations\\2014_10_12_000000_create_users_table.php(36): Illuminate\\Support\\Facades\\Facade::__callStatic('create', Array)
#7 C:\\Users\\DG-Fer\\Documents\\lms\\temp\\vendor\\laravel\\framework\\src\\Illuminate\\Database\\Migrations\\Migrator.php(359): CreateUsersTable->up()
#8 C:\\Users\\DG-Fer\\Documents\\lms\\temp\\vendor\\laravel\\framework\\src\\Illuminate\\Database\\Migrations\\Migrator.php(366): Illuminate\\Database\\Migrations\\Migrator->Illuminate\\Database\\Migrations\\{closure}()
#9 C:\\Users\\DG-Fer\\Documents\\lms\\temp\\vendor\\laravel\\framework\\src\\Illuminate\\Database\\Migrations\\Migrator.php(177): Illuminate\\Database\\Migrations\\Migrator->runMigration(Object(CreateUsersTable), 'up')
#10 C:\\Users\\DG-Fer\\Documents\\lms\\temp\\vendor\\laravel\\framework\\src\\Illuminate\\Database\\Migrations\\Migrator.php(146): Illuminate\\Database\\Migrations\\Migrator->runUp('C:\\\\Users\\\\DG-Fer...', 1, false)
#11 C:\\Users\\DG-Fer\\Documents\\lms\\temp\\vendor\\laravel\\framework\\src\\Illuminate\\Database\\Migrations\\Migrator.php(95): Illuminate\\Database\\Migrations\\Migrator->runPending(Array, Array)
#12 C:\\Users\\DG-Fer\\Documents\\lms\\temp\\vendor\\laravel\\framework\\src\\Illuminate\\Database\\Console\\Migrations\\MigrateCommand.php(69): Illuminate\\Database\\Migrations\\Migrator->run(Array, Array)
#13 [internal function]: Illuminate\\Database\\Console\\Migrations\\MigrateCommand->handle()
#14 C:\\Users\\DG-Fer\\Documents\\lms\\temp\\vendor\\laravel\\framework\\src\\Illuminate\\Container\\BoundMethod.php(29): call_user_func_array(Array, Array)
#15 C:\\Users\\DG-Fer\\Documents\\lms\\temp\\vendor\\laravel\\framework\\src\\Illuminate\\Container\\BoundMethod.php(87): Illuminate\\Container\\BoundMethod::Illuminate\\Container\\{closure}()
#16 C:\\Users\\DG-Fer\\Documents\\lms\\temp\\vendor\\laravel\\framework\\src\\Illuminate\\Container\\BoundMethod.php(31): Illuminate\\Container\\BoundMethod::callBoundMethod(Object(Illuminate\\Foundation\\Application), Array, Object(Closure))
#17 C:\\Users\\DG-Fer\\Documents\\lms\\temp\\vendor\\laravel\\framework\\src\\Illuminate\\Container\\Container.php(549): Illuminate\\Container\\BoundMethod::call(Object(Illuminate\\Foundation\\Application), Array, Array, NULL)
#18 C:\\Users\\DG-Fer\\Documents\\lms\\temp\\vendor\\laravel\\framework\\src\\Illuminate\\Console\\Command.php(183): Illuminate\\Container\\Container->call(Array)
#19 C:\\Users\\DG-Fer\\Documents\\lms\\temp\\vendor\\symfony\\console\\Command\\Command.php(252): Illuminate\\Console\\Command->execute(Object(Symfony\\Component\\Console\\Input\\ArrayInput), Object(Illuminate\\Console\\OutputStyle))
#20 C:\\Users\\DG-Fer\\Documents\\lms\\temp\\vendor\\laravel\\framework\\src\\Illuminate\\Console\\Command.php(170): Symfony\\Component\\Console\\Command\\Command->run(Object(Symfony\\Component\\Console\\Input\\ArrayInput), Object(Illuminate\\Console\\OutputStyle))
#21 C:\\Users\\DG-Fer\\Documents\\lms\\temp\\vendor\\laravel\\framework\\src\\Illuminate\\Console\\Command.php(198): Illuminate\\Console\\Command->run(Object(Symfony\\Component\\Console\\Input\\ArrayInput), Object(Illuminate\\Console\\OutputStyle))
#22 C:\\Users\\DG-Fer\\Documents\\lms\\temp\\vendor\\laravel\\framework\\src\\Illuminate\\Database\\Console\\Migrations\\FreshCommand.php(45): Illuminate\\Console\\Command->call('migrate', Array)
#23 [internal function]: Illuminate\\Database\\Console\\Migrations\\FreshCommand->handle()
#24 C:\\Users\\DG-Fer\\Documents\\lms\\temp\\vendor\\laravel\\framework\\src\\Illuminate\\Container\\BoundMethod.php(29): call_user_func_array(Array, Array)
#25 C:\\Users\\DG-Fer\\Documents\\lms\\temp\\vendor\\laravel\\framework\\src\\Illuminate\\Container\\BoundMethod.php(87): Illuminate\\Container\\BoundMethod::Illuminate\\Container\\{closure}()
#26 C:\\Users\\DG-Fer\\Documents\\lms\\temp\\vendor\\laravel\\framework\\src\\Illuminate\\Container\\BoundMethod.php(31): Illuminate\\Container\\BoundMethod::callBoundMethod(Object(Illuminate\\Foundation\\Application), Array, Object(Closure))
#27 C:\\Users\\DG-Fer\\Documents\\lms\\temp\\vendor\\laravel\\framework\\src\\Illuminate\\Container\\Container.php(549): Illuminate\\Container\\BoundMethod::call(Object(Illuminate\\Foundation\\Application), Array, Array, NULL)
#28 C:\\Users\\DG-Fer\\Documents\\lms\\temp\\vendor\\laravel\\framework\\src\\Illuminate\\Console\\Command.php(183): Illuminate\\Container\\Container->call(Array)
#29 C:\\Users\\DG-Fer\\Documents\\lms\\temp\\vendor\\symfony\\console\\Command\\Command.php(252): Illuminate\\Console\\Command->execute(Object(Symfony\\Component\\Console\\Input\\ArgvInput), Object(Illuminate\\Console\\OutputStyle))
#30 C:\\Users\\DG-Fer\\Documents\\lms\\temp\\vendor\\laravel\\framework\\src\\Illuminate\\Console\\Command.php(170): Symfony\\Component\\Console\\Command\\Command->run(Object(Symfony\\Component\\Console\\Input\\ArgvInput), Object(Illuminate\\Console\\OutputStyle))
#31 C:\\Users\\DG-Fer\\Documents\\lms\\temp\\vendor\\symfony\\console\\Application.php(946): Illuminate\\Console\\Command->run(Object(Symfony\\Component\\Console\\Input\\ArgvInput), Object(Symfony\\Component\\Console\\Output\\ConsoleOutput))
#32 C:\\Users\\DG-Fer\\Documents\\lms\\temp\\vendor\\symfony\\console\\Application.php(248): Symfony\\Component\\Console\\Application->doRunCommand(Object(Illuminate\\Database\\Console\\Migrations\\FreshCommand), Object(Symfony\\Component\\Console\\Input\\ArgvInput), Object(Symfony\\Component\\Console\\Output\\ConsoleOutput))
#33 C:\\Users\\DG-Fer\\Documents\\lms\\temp\\vendor\\symfony\\console\\Application.php(148): Symfony\\Component\\Console\\Application->doRun(Object(Symfony\\Component\\Console\\Input\\ArgvInput), Object(Symfony\\Component\\Console\\Output\\ConsoleOutput))
#34 C:\\Users\\DG-Fer\\Documents\\lms\\temp\\vendor\\laravel\\framework\\src\\Illuminate\\Console\\Application.php(88): Symfony\\Component\\Console\\Application->run(Object(Symfony\\Component\\Console\\Input\\ArgvInput), Object(Symfony\\Component\\Console\\Output\\ConsoleOutput))
#35 C:\\Users\\DG-Fer\\Documents\\lms\\temp\\vendor\\laravel\\framework\\src\\Illuminate\\Foundation\\Console\\Kernel.php(121): Illuminate\\Console\\Application->run(Object(Symfony\\Component\\Console\\Input\\ArgvInput), Object(Symfony\\Component\\Console\\Output\\ConsoleOutput))
#36 C:\\Users\\DG-Fer\\Documents\\lms\\temp\\artisan(37): Illuminate\\Foundation\\Console\\Kernel->handle(Object(Symfony\\Component\\Console\\Input\\ArgvInput), Object(Symfony\\Component\\Console\\Output\\ConsoleOutput))
#37 {main}
"} 
[2018-05-02 15:27:16] local.ERROR: Class 'App\Providers\Schema' not found {"exception":"[object] (Symfony\\Component\\Debug\\Exception\\FatalThrowableError(code: 0): Class 'App\\Providers\\Schema' not found at C:\\Users\\DG-Fer\\Documents\\lms\\temp\\app\\Providers\\AppServiceProvider.php:26)
[stacktrace]
#0 C:\\Users\\DG-Fer\\Documents\\lms\\temp\\vendor\\laravel\\framework\\src\\Illuminate\\Foundation\\Application.php(586): App\\Providers\\AppServiceProvider->register()
#1 C:\\Users\\DG-Fer\\Documents\\lms\\temp\\vendor\\laravel\\framework\\src\\Illuminate\\Foundation\\ProviderRepository.php(75): Illuminate\\Foundation\\Application->register(Object(App\\Providers\\AppServiceProvider))
#2 C:\\Users\\DG-Fer\\Documents\\lms\\temp\\vendor\\laravel\\framework\\src\\Illuminate\\Foundation\\Application.php(561): Illuminate\\Foundation\\ProviderRepository->load(Array)
#3 C:\\Users\\DG-Fer\\Documents\\lms\\temp\\vendor\\laravel\\framework\\src\\Illuminate\\Foundation\\Bootstrap\\RegisterProviders.php(17): Illuminate\\Foundation\\Application->registerConfiguredProviders()
#4 C:\\Users\\DG-Fer\\Documents\\lms\\temp\\vendor\\laravel\\framework\\src\\Illuminate\\Foundation\\Application.php(213): Illuminate\\Foundation\\Bootstrap\\RegisterProviders->bootstrap(Object(Illuminate\\Foundation\\Application))
#5 C:\\Users\\DG-Fer\\Documents\\lms\\temp\\vendor\\laravel\\framework\\src\\Illuminate\\Foundation\\Console\\Kernel.php(296): Illuminate\\Foundation\\Application->bootstrapWith(Array)
#6 C:\\Users\\DG-Fer\\Documents\\lms\\temp\\vendor\\laravel\\framework\\src\\Illuminate\\Foundation\\Console\\Kernel.php(119): Illuminate\\Foundation\\Console\\Kernel->bootstrap()
#7 C:\\Users\\DG-Fer\\Documents\\lms\\temp\\artisan(37): Illuminate\\Foundation\\Console\\Kernel->handle(Object(Symfony\\Component\\Console\\Input\\ArgvInput), Object(Symfony\\Component\\Console\\Output\\ConsoleOutput))
#8 {main}
"} 
[2018-05-02 15:27:42] local.ERROR: App\Providers\AppServiceProvider::register(): Failed opening required 'C:\Users\DG-Fer\Documents\lms\temp\app\Providers/../Http/Helpers/Navigation.php' (include_path='C:\xampp\php\PEAR') {"exception":"[object] (Symfony\\Component\\Debug\\Exception\\FatalErrorException(code: 64): App\\Providers\\AppServiceProvider::register(): Failed opening required 'C:\\Users\\DG-Fer\\Documents\\lms\\temp\\app\\Providers/../Http/Helpers/Navigation.php' (include_path='C:\\xampp\\php\\PEAR') at C:\\Users\\DG-Fer\\Documents\\lms\\temp\\app\\Providers\\AppServiceProvider.php:28)
[stacktrace]
#0 {main}
"} 
[2018-05-02 15:28:46] local.ERROR: App\Providers\AppServiceProvider::register(): Failed opening required 'C:\Users\DG-Fer\Documents\lms\temp\app\Providers/../Http/Helpers/Navigation.php' (include_path='C:\xampp\php\PEAR') {"exception":"[object] (Symfony\\Component\\Debug\\Exception\\FatalErrorException(code: 64): App\\Providers\\AppServiceProvider::register(): Failed opening required 'C:\\Users\\DG-Fer\\Documents\\lms\\temp\\app\\Providers/../Http/Helpers/Navigation.php' (include_path='C:\\xampp\\php\\PEAR') at C:\\Users\\DG-Fer\\Documents\\lms\\temp\\app\\Providers\\AppServiceProvider.php:28)
[stacktrace]
#0 {main}
"} 
[2018-05-02 15:30:27] local.ERROR: App\Providers\AppServiceProvider::register(): Failed opening required 'C:\Users\DG-Fer\Documents\lms\temp\app\Providers/../Http/Helpers/Navigation.php' (include_path='C:\xampp\php\PEAR') {"exception":"[object] (Symfony\\Component\\Debug\\Exception\\FatalErrorException(code: 64): App\\Providers\\AppServiceProvider::register(): Failed opening required 'C:\\Users\\DG-Fer\\Documents\\lms\\temp\\app\\Providers/../Http/Helpers/Navigation.php' (include_path='C:\\xampp\\php\\PEAR') at C:\\Users\\DG-Fer\\Documents\\lms\\temp\\app\\Providers\\AppServiceProvider.php:27)
[stacktrace]
#0 {main}
"} 
[2018-05-02 15:31:21] local.ERROR: App\Providers\AppServiceProvider::register(): Failed opening required 'C:\Users\DG-Fer\Documents\lms\temp\app\Providers\..\Http\Helpers\Navigation.php' (include_path='C:\xampp\php\PEAR') {"exception":"[object] (Symfony\\Component\\Debug\\Exception\\FatalErrorException(code: 64): App\\Providers\\AppServiceProvider::register(): Failed opening required 'C:\\Users\\DG-Fer\\Documents\\lms\\temp\\app\\Providers\\..\\Http\\Helpers\\Navigation.php' (include_path='C:\\xampp\\php\\PEAR') at C:\\Users\\DG-Fer\\Documents\\lms\\temp\\app\\Providers\\AppServiceProvider.php:27)
[stacktrace]
#0 {main}
"} 
[2018-05-02 15:32:33] local.ERROR: App\Providers\AppServiceProvider::register(): Failed opening required 'C:\Users\DG-Fer\Documents\lms\temp\app\Providers\..\Http\Helpers\Navigation.php' (include_path='C:\xampp\php\PEAR') {"exception":"[object] (Symfony\\Component\\Debug\\Exception\\FatalErrorException(code: 64): App\\Providers\\AppServiceProvider::register(): Failed opening required 'C:\\Users\\DG-Fer\\Documents\\lms\\temp\\app\\Providers\\..\\Http\\Helpers\\Navigation.php' (include_path='C:\\xampp\\php\\PEAR') at C:\\Users\\DG-Fer\\Documents\\lms\\temp\\app\\Providers\\AppServiceProvider.php:27)
[stacktrace]
#0 {main}
"} 
[2018-05-02 15:34:06] local.ERROR: Class TablesSeeder does not exist {"exception":"[object] (ReflectionException(code: -1): Class TablesSeeder does not exist at C:\\Users\\DG-Fer\\Documents\\lms\\temp\\vendor\\laravel\\framework\\src\\Illuminate\\Container\\Container.php:752)
[stacktrace]
#0 C:\\Users\\DG-Fer\\Documents\\lms\\temp\\vendor\\laravel\\framework\\src\\Illuminate\\Container\\Container.php(752): ReflectionClass->__construct('TablesSeeder')
#1 C:\\Users\\DG-Fer\\Documents\\lms\\temp\\vendor\\laravel\\framework\\src\\Illuminate\\Container\\Container.php(631): Illuminate\\Container\\Container->build('TablesSeeder')
#2 C:\\Users\\DG-Fer\\Documents\\lms\\temp\\vendor\\laravel\\framework\\src\\Illuminate\\Container\\Container.php(586): Illuminate\\Container\\Container->resolve('TablesSeeder', Array)
#3 C:\\Users\\DG-Fer\\Documents\\lms\\temp\\vendor\\laravel\\framework\\src\\Illuminate\\Foundation\\Application.php(732): Illuminate\\Container\\Container->make('TablesSeeder', Array)
#4 C:\\Users\\DG-Fer\\Documents\\lms\\temp\\vendor\\laravel\\framework\\src\\Illuminate\\Database\\Seeder.php(68): Illuminate\\Foundation\\Application->make('TablesSeeder')
#5 C:\\Users\\DG-Fer\\Documents\\lms\\temp\\vendor\\laravel\\framework\\src\\Illuminate\\Database\\Seeder.php(42): Illuminate\\Database\\Seeder->resolve('TablesSeeder')
#6 C:\\Users\\DG-Fer\\Documents\\lms\\temp\\database\\seeds\\DatabaseSeeder.php(14): Illuminate\\Database\\Seeder->call('TablesSeeder')
#7 [internal function]: DatabaseSeeder->run()
#8 C:\\Users\\DG-Fer\\Documents\\lms\\temp\\vendor\\laravel\\framework\\src\\Illuminate\\Container\\BoundMethod.php(29): call_user_func_array(Array, Array)
#9 C:\\Users\\DG-Fer\\Documents\\lms\\temp\\vendor\\laravel\\framework\\src\\Illuminate\\Container\\BoundMethod.php(87): Illuminate\\Container\\BoundMethod::Illuminate\\Container\\{closure}()
#10 C:\\Users\\DG-Fer\\Documents\\lms\\temp\\vendor\\laravel\\framework\\src\\Illuminate\\Container\\BoundMethod.php(31): Illuminate\\Container\\BoundMethod::callBoundMethod(Object(Illuminate\\Foundation\\Application), Array, Object(Closure))
#11 C:\\Users\\DG-Fer\\Documents\\lms\\temp\\vendor\\laravel\\framework\\src\\Illuminate\\Container\\Container.php(549): Illuminate\\Container\\BoundMethod::call(Object(Illuminate\\Foundation\\Application), Array, Array, NULL)
#12 C:\\Users\\DG-Fer\\Documents\\lms\\temp\\vendor\\laravel\\framework\\src\\Illuminate\\Database\\Seeder.php(122): Illuminate\\Container\\Container->call(Array)
#13 C:\\Users\\DG-Fer\\Documents\\lms\\temp\\vendor\\laravel\\framework\\src\\Illuminate\\Database\\Console\\Seeds\\SeedCommand.php(63): Illuminate\\Database\\Seeder->__invoke()
#14 C:\\Users\\DG-Fer\\Documents\\lms\\temp\\vendor\\laravel\\framework\\src\\Illuminate\\Database\\Eloquent\\Concerns\\GuardsAttributes.php(122): Illuminate\\Database\\Console\\Seeds\\SeedCommand->Illuminate\\Database\\Console\\Seeds\\{closure}()
#15 C:\\Users\\DG-Fer\\Documents\\lms\\temp\\vendor\\laravel\\framework\\src\\Illuminate\\Database\\Console\\Seeds\\SeedCommand.php(64): Illuminate\\Database\\Eloquent\\Model::unguarded(Object(Closure))
#16 [internal function]: Illuminate\\Database\\Console\\Seeds\\SeedCommand->handle()
#17 C:\\Users\\DG-Fer\\Documents\\lms\\temp\\vendor\\laravel\\framework\\src\\Illuminate\\Container\\BoundMethod.php(29): call_user_func_array(Array, Array)
#18 C:\\Users\\DG-Fer\\Documents\\lms\\temp\\vendor\\laravel\\framework\\src\\Illuminate\\Container\\BoundMethod.php(87): Illuminate\\Container\\BoundMethod::Illuminate\\Container\\{closure}()
#19 C:\\Users\\DG-Fer\\Documents\\lms\\temp\\vendor\\laravel\\framework\\src\\Illuminate\\Container\\BoundMethod.php(31): Illuminate\\Container\\BoundMethod::callBoundMethod(Object(Illuminate\\Foundation\\Application), Array, Object(Closure))
#20 C:\\Users\\DG-Fer\\Documents\\lms\\temp\\vendor\\laravel\\framework\\src\\Illuminate\\Container\\Container.php(549): Illuminate\\Container\\BoundMethod::call(Object(Illuminate\\Foundation\\Application), Array, Array, NULL)
#21 C:\\Users\\DG-Fer\\Documents\\lms\\temp\\vendor\\laravel\\framework\\src\\Illuminate\\Console\\Command.php(183): Illuminate\\Container\\Container->call(Array)
#22 C:\\Users\\DG-Fer\\Documents\\lms\\temp\\vendor\\symfony\\console\\Command\\Command.php(252): Illuminate\\Console\\Command->execute(Object(Symfony\\Component\\Console\\Input\\ArgvInput), Object(Illuminate\\Console\\OutputStyle))
#23 C:\\Users\\DG-Fer\\Documents\\lms\\temp\\vendor\\laravel\\framework\\src\\Illuminate\\Console\\Command.php(170): Symfony\\Component\\Console\\Command\\Command->run(Object(Symfony\\Component\\Console\\Input\\ArgvInput), Object(Illuminate\\Console\\OutputStyle))
#24 C:\\Users\\DG-Fer\\Documents\\lms\\temp\\vendor\\symfony\\console\\Application.php(946): Illuminate\\Console\\Command->run(Object(Symfony\\Component\\Console\\Input\\ArgvInput), Object(Symfony\\Component\\Console\\Output\\ConsoleOutput))
#25 C:\\Users\\DG-Fer\\Documents\\lms\\temp\\vendor\\symfony\\console\\Application.php(248): Symfony\\Component\\Console\\Application->doRunCommand(Object(Illuminate\\Database\\Console\\Seeds\\SeedCommand), Object(Symfony\\Component\\Console\\Input\\ArgvInput), Object(Symfony\\Component\\Console\\Output\\ConsoleOutput))
#26 C:\\Users\\DG-Fer\\Documents\\lms\\temp\\vendor\\symfony\\console\\Application.php(148): Symfony\\Component\\Console\\Application->doRun(Object(Symfony\\Component\\Console\\Input\\ArgvInput), Object(Symfony\\Component\\Console\\Output\\ConsoleOutput))
#27 C:\\Users\\DG-Fer\\Documents\\lms\\temp\\vendor\\laravel\\framework\\src\\Illuminate\\Console\\Application.php(88): Symfony\\Component\\Console\\Application->run(Object(Symfony\\Component\\Console\\Input\\ArgvInput), Object(Symfony\\Component\\Console\\Output\\ConsoleOutput))
#28 C:\\Users\\DG-Fer\\Documents\\lms\\temp\\vendor\\laravel\\framework\\src\\Illuminate\\Foundation\\Console\\Kernel.php(121): Illuminate\\Console\\Application->run(Object(Symfony\\Component\\Console\\Input\\ArgvInput), Object(Symfony\\Component\\Console\\Output\\ConsoleOutput))
#29 C:\\Users\\DG-Fer\\Documents\\lms\\temp\\artisan(37): Illuminate\\Foundation\\Console\\Kernel->handle(Object(Symfony\\Component\\Console\\Input\\ArgvInput), Object(Symfony\\Component\\Console\\Output\\ConsoleOutput))
#30 {main}
"} 
[2018-05-02 15:43:19] local.ERROR: Call to undefined function isActiveRoute() (View: C:\Users\DG-Fer\Documents\lms\temp\resources\views\layouts\navigation.blade.php) (View: C:\Users\DG-Fer\Documents\lms\temp\resources\views\layouts\navigation.blade.php) (View: C:\Users\DG-Fer\Documents\lms\temp\resources\views\layouts\navigation.blade.php) {"exception":"[object] (ErrorException(code: 0): Call to undefined function isActiveRoute() (View: C:\\Users\\DG-Fer\\Documents\\lms\\temp\esources\\views\\layouts\
avigation.blade.php) (View: C:\\Users\\DG-Fer\\Documents\\lms\\temp\esources\\views\\layouts\
avigation.blade.php) (View: C:\\Users\\DG-Fer\\Documents\\lms\\temp\esources\\views\\layouts\
avigation.blade.php) at C:\\Users\\DG-Fer\\Documents\\lms\\temp\\storage\\framework\\views\\5ea97ccd6c007b3478ca69d1b67a7b5c465f3a0a.php:64, ErrorException(code: 0): Call to undefined function isActiveRoute() (View: C:\\Users\\DG-Fer\\Documents\\lms\\temp\esources\\views\\layouts\
avigation.blade.php) (View: C:\\Users\\DG-Fer\\Documents\\lms\\temp\esources\\views\\layouts\
avigation.blade.php) at C:\\Users\\DG-Fer\\Documents\\lms\\temp\\storage\\framework\\views\\5ea97ccd6c007b3478ca69d1b67a7b5c465f3a0a.php:64, ErrorException(code: 0): Call to undefined function isActiveRoute() (View: C:\\Users\\DG-Fer\\Documents\\lms\\temp\esources\\views\\layouts\
avigation.blade.php) at C:\\Users\\DG-Fer\\Documents\\lms\\temp\\storage\\framework\\views\\5ea97ccd6c007b3478ca69d1b67a7b5c465f3a0a.php:64, Symfony\\Component\\Debug\\Exception\\FatalThrowableError(code: 0): Call to undefined function isActiveRoute() at C:\\Users\\DG-Fer\\Documents\\lms\\temp\\storage\\framework\\views\\5ea97ccd6c007b3478ca69d1b67a7b5c465f3a0a.php:64)
[stacktrace]
#0 C:\\Users\\DG-Fer\\Documents\\lms\\temp\\vendor\\laravel\\framework\\src\\Illuminate\\View\\Engines\\PhpEngine.php(45): Illuminate\\View\\Engines\\CompilerEngine->handleViewException(Object(ErrorException), 1)
#1 C:\\Users\\DG-Fer\\Documents\\lms\\temp\\vendor\\laravel\\framework\\src\\Illuminate\\View\\Engines\\CompilerEngine.php(59): Illuminate\\View\\Engines\\PhpEngine->evaluatePath('C:\\\\Users\\\\DG-Fer...', Array)
#2 C:\\Users\\DG-Fer\\Documents\\lms\\temp\\vendor\\laravel\\framework\\src\\Illuminate\\View\\View.php(137): Illuminate\\View\\Engines\\CompilerEngine->get('C:\\\\Users\\\\DG-Fer...', Array)
#3 C:\\Users\\DG-Fer\\Documents\\lms\\temp\\vendor\\laravel\\framework\\src\\Illuminate\\View\\View.php(120): Illuminate\\View\\View->getContents()
#4 C:\\Users\\DG-Fer\\Documents\\lms\\temp\\vendor\\laravel\\framework\\src\\Illuminate\\View\\View.php(85): Illuminate\\View\\View->renderContents()
#5 C:\\Users\\DG-Fer\\Documents\\lms\\temp\\vendor\\laravel\\framework\\src\\Illuminate\\Http\\Response.php(42): Illuminate\\View\\View->render()
#6 C:\\Users\\DG-Fer\\Documents\\lms\\temp\\vendor\\symfony\\http-foundation\\Response.php(201): Illuminate\\Http\\Response->setContent(Object(Illuminate\\View\\View))
#7 C:\\Users\\DG-Fer\\Documents\\lms\\temp\\vendor\\laravel\\framework\\src\\Illuminate\\Routing\\Router.php(724): Symfony\\Component\\HttpFoundation\\Response->__construct(Object(Illuminate\\View\\View))
#8 C:\\Users\\DG-Fer\\Documents\\lms\\temp\\vendor\\laravel\\framework\\src\\Illuminate\\Routing\\Router.php(698): Illuminate\\Routing\\Router::toResponse(Object(Illuminate\\Http\\Request), Object(Illuminate\\View\\View))
#9 C:\\Users\\DG-Fer\\Documents\\lms\\temp\\vendor\\laravel\\framework\\src\\Illuminate\\Routing\\Router.php(658): Illuminate\\Routing\\Router->prepareResponse(Object(Illuminate\\Http\\Request), Object(Illuminate\\View\\View))
#10 C:\\Users\\DG-Fer\\Documents\\lms\\temp\\vendor\\laravel\\framework\\src\\Illuminate\\Routing\\Pipeline.php(30): Illuminate\\Routing\\Router->Illuminate\\Routing\\{closure}(Object(Illuminate\\Http\\Request))
#11 C:\\Users\\DG-Fer\\Documents\\lms\\temp\\vendor\\laravel\\framework\\src\\Illuminate\\Routing\\Middleware\\SubstituteBindings.php(41): Illuminate\\Routing\\Pipeline->Illuminate\\Routing\\{closure}(Object(Illuminate\\Http\\Request))
#12 C:\\Users\\DG-Fer\\Documents\\lms\\temp\\vendor\\laravel\\framework\\src\\Illuminate\\Pipeline\\Pipeline.php(149): Illuminate\\Routing\\Middleware\\SubstituteBindings->handle(Object(Illuminate\\Http\\Request), Object(Closure))
#13 C:\\Users\\DG-Fer\\Documents\\lms\\temp\\vendor\\laravel\\framework\\src\\Illuminate\\Routing\\Pipeline.php(53): Illuminate\\Pipeline\\Pipeline->Illuminate\\Pipeline\\{closure}(Object(Illuminate\\Http\\Request))
#14 C:\\Users\\DG-Fer\\Documents\\lms\\temp\\vendor\\laravel\\framework\\src\\Illuminate\\Foundation\\Http\\Middleware\\VerifyCsrfToken.php(67): Illuminate\\Routing\\Pipeline->Illuminate\\Routing\\{closure}(Object(Illuminate\\Http\\Request))
#15 C:\\Users\\DG-Fer\\Documents\\lms\\temp\\vendor\\laravel\\framework\\src\\Illuminate\\Pipeline\\Pipeline.php(149): Illuminate\\Foundation\\Http\\Middleware\\VerifyCsrfToken->handle(Object(Illuminate\\Http\\Request), Object(Closure))
#16 C:\\Users\\DG-Fer\\Documents\\lms\\temp\\vendor\\laravel\\framework\\src\\Illuminate\\Routing\\Pipeline.php(53): Illuminate\\Pipeline\\Pipeline->Illuminate\\Pipeline\\{closure}(Object(Illuminate\\Http\\Request))
#17 C:\\Users\\DG-Fer\\Documents\\lms\\temp\\vendor\\laravel\\framework\\src\\Illuminate\\View\\Middleware\\ShareErrorsFromSession.php(49): Illuminate\\Routing\\Pipeline->Illuminate\\Routing\\{closure}(Object(Illuminate\\Http\\Request))
#18 C:\\Users\\DG-Fer\\Documents\\lms\\temp\\vendor\\laravel\\framework\\src\\Illuminate\\Pipeline\\Pipeline.php(149): Illuminate\\View\\Middleware\\ShareErrorsFromSession->handle(Object(Illuminate\\Http\\Request), Object(Closure))
#19 C:\\Users\\DG-Fer\\Documents\\lms\\temp\\vendor\\laravel\\framework\\src\\Illuminate\\Routing\\Pipeline.php(53): Illuminate\\Pipeline\\Pipeline->Illuminate\\Pipeline\\{closure}(Object(Illuminate\\Http\\Request))
#20 C:\\Users\\DG-Fer\\Documents\\lms\\temp\\vendor\\laravel\\framework\\src\\Illuminate\\Session\\Middleware\\StartSession.php(63): Illuminate\\Routing\\Pipeline->Illuminate\\Routing\\{closure}(Object(Illuminate\\Http\\Request))
#21 C:\\Users\\DG-Fer\\Documents\\lms\\temp\\vendor\\laravel\\framework\\src\\Illuminate\\Pipeline\\Pipeline.php(149): Illuminate\\Session\\Middleware\\StartSession->handle(Object(Illuminate\\Http\\Request), Object(Closure))
#22 C:\\Users\\DG-Fer\\Documents\\lms\\temp\\vendor\\laravel\\framework\\src\\Illuminate\\Routing\\Pipeline.php(53): Illuminate\\Pipeline\\Pipeline->Illuminate\\Pipeline\\{closure}(Object(Illuminate\\Http\\Request))
#23 C:\\Users\\DG-Fer\\Documents\\lms\\temp\\vendor\\laravel\\framework\\src\\Illuminate\\Cookie\\Middleware\\AddQueuedCookiesToResponse.php(37): Illuminate\\Routing\\Pipeline->Illuminate\\Routing\\{closure}(Object(Illuminate\\Http\\Request))
#24 C:\\Users\\DG-Fer\\Documents\\lms\\temp\\vendor\\laravel\\framework\\src\\Illuminate\\Pipeline\\Pipeline.php(149): Illuminate\\Cookie\\Middleware\\AddQueuedCookiesToResponse->handle(Object(Illuminate\\Http\\Request), Object(Closure))
#25 C:\\Users\\DG-Fer\\Documents\\lms\\temp\\vendor\\laravel\\framework\\src\\Illuminate\\Routing\\Pipeline.php(53): Illuminate\\Pipeline\\Pipeline->Illuminate\\Pipeline\\{closure}(Object(Illuminate\\Http\\Request))
#26 C:\\Users\\DG-Fer\\Documents\\lms\\temp\\vendor\\laravel\\framework\\src\\Illuminate\\Cookie\\Middleware\\EncryptCookies.php(59): Illuminate\\Routing\\Pipeline->Illuminate\\Routing\\{closure}(Object(Illuminate\\Http\\Request))
#27 C:\\Users\\DG-Fer\\Documents\\lms\\temp\\vendor\\laravel\\framework\\src\\Illuminate\\Pipeline\\Pipeline.php(149): Illuminate\\Cookie\\Middleware\\EncryptCookies->handle(Object(Illuminate\\Http\\Request), Object(Closure))
#28 C:\\Users\\DG-Fer\\Documents\\lms\\temp\\vendor\\laravel\\framework\\src\\Illuminate\\Routing\\Pipeline.php(53): Illuminate\\Pipeline\\Pipeline->Illuminate\\Pipeline\\{closure}(Object(Illuminate\\Http\\Request))
#29 C:\\Users\\DG-Fer\\Documents\\lms\\temp\\vendor\\laravel\\framework\\src\\Illuminate\\Pipeline\\Pipeline.php(102): Illuminate\\Routing\\Pipeline->Illuminate\\Routing\\{closure}(Object(Illuminate\\Http\\Request))
#30 C:\\Users\\DG-Fer\\Documents\\lms\\temp\\vendor\\laravel\\framework\\src\\Illuminate\\Routing\\Router.php(660): Illuminate\\Pipeline\\Pipeline->then(Object(Closure))
#31 C:\\Users\\DG-Fer\\Documents\\lms\\temp\\vendor\\laravel\\framework\\src\\Illuminate\\Routing\\Router.php(635): Illuminate\\Routing\\Router->runRouteWithinStack(Object(Illuminate\\Routing\\Route), Object(Illuminate\\Http\\Request))
#32 C:\\Users\\DG-Fer\\Documents\\lms\\temp\\vendor\\laravel\\framework\\src\\Illuminate\\Routing\\Router.php(601): Illuminate\\Routing\\Router->runRoute(Object(Illuminate\\Http\\Request), Object(Illuminate\\Routing\\Route))
#33 C:\\Users\\DG-Fer\\Documents\\lms\\temp\\vendor\\laravel\\framework\\src\\Illuminate\\Routing\\Router.php(590): Illuminate\\Routing\\Router->dispatchToRoute(Object(Illuminate\\Http\\Request))
#34 C:\\Users\\DG-Fer\\Documents\\lms\\temp\\vendor\\laravel\\framework\\src\\Illuminate\\Foundation\\Http\\Kernel.php(176): Illuminate\\Routing\\Router->dispatch(Object(Illuminate\\Http\\Request))
#35 C:\\Users\\DG-Fer\\Documents\\lms\\temp\\vendor\\laravel\\framework\\src\\Illuminate\\Routing\\Pipeline.php(30): Illuminate\\Foundation\\Http\\Kernel->Illuminate\\Foundation\\Http\\{closure}(Object(Illuminate\\Http\\Request))
#36 C:\\Users\\DG-Fer\\Documents\\lms\\temp\\vendor\\fideloper\\proxy\\src\\TrustProxies.php(56): Illuminate\\Routing\\Pipeline->Illuminate\\Routing\\{closure}(Object(Illuminate\\Http\\Request))
#37 C:\\Users\\DG-Fer\\Documents\\lms\\temp\\vendor\\laravel\\framework\\src\\Illuminate\\Pipeline\\Pipeline.php(149): Fideloper\\Proxy\\TrustProxies->handle(Object(Illuminate\\Http\\Request), Object(Closure))
#38 C:\\Users\\DG-Fer\\Documents\\lms\\temp\\vendor\\laravel\\framework\\src\\Illuminate\\Routing\\Pipeline.php(53): Illuminate\\Pipeline\\Pipeline->Illuminate\\Pipeline\\{closure}(Object(Illuminate\\Http\\Request))
#39 C:\\Users\\DG-Fer\\Documents\\lms\\temp\\vendor\\laravel\\framework\\src\\Illuminate\\Foundation\\Http\\Middleware\\TransformsRequest.php(30): Illuminate\\Routing\\Pipeline->Illuminate\\Routing\\{closure}(Object(Illuminate\\Http\\Request))
#40 C:\\Users\\DG-Fer\\Documents\\lms\\temp\\vendor\\laravel\\framework\\src\\Illuminate\\Pipeline\\Pipeline.php(149): Illuminate\\Foundation\\Http\\Middleware\\TransformsRequest->handle(Object(Illuminate\\Http\\Request), Object(Closure))
#41 C:\\Users\\DG-Fer\\Documents\\lms\\temp\\vendor\\laravel\\framework\\src\\Illuminate\\Routing\\Pipeline.php(53): Illuminate\\Pipeline\\Pipeline->Illuminate\\Pipeline\\{closure}(Object(Illuminate\\Http\\Request))
#42 C:\\Users\\DG-Fer\\Documents\\lms\\temp\\vendor\\laravel\\framework\\src\\Illuminate\\Foundation\\Http\\Middleware\\TransformsRequest.php(30): Illuminate\\Routing\\Pipeline->Illuminate\\Routing\\{closure}(Object(Illuminate\\Http\\Request))
#43 C:\\Users\\DG-Fer\\Documents\\lms\\temp\\vendor\\laravel\\framework\\src\\Illuminate\\Pipeline\\Pipeline.php(149): Illuminate\\Foundation\\Http\\Middleware\\TransformsRequest->handle(Object(Illuminate\\Http\\Request), Object(Closure))
#44 C:\\Users\\DG-Fer\\Documents\\lms\\temp\\vendor\\laravel\\framework\\src\\Illuminate\\Routing\\Pipeline.php(53): Illuminate\\Pipeline\\Pipeline->Illuminate\\Pipeline\\{closure}(Object(Illuminate\\Http\\Request))
#45 C:\\Users\\DG-Fer\\Documents\\lms\\temp\\vendor\\laravel\\framework\\src\\Illuminate\\Foundation\\Http\\Middleware\\ValidatePostSize.php(27): Illuminate\\Routing\\Pipeline->Illuminate\\Routing\\{closure}(Object(Illuminate\\Http\\Request))
#46 C:\\Users\\DG-Fer\\Documents\\lms\\temp\\vendor\\laravel\\framework\\src\\Illuminate\\Pipeline\\Pipeline.php(149): Illuminate\\Foundation\\Http\\Middleware\\ValidatePostSize->handle(Object(Illuminate\\Http\\Request), Object(Closure))
#47 C:\\Users\\DG-Fer\\Documents\\lms\\temp\\vendor\\laravel\\framework\\src\\Illuminate\\Routing\\Pipeline.php(53): Illuminate\\Pipeline\\Pipeline->Illuminate\\Pipeline\\{closure}(Object(Illuminate\\Http\\Request))
#48 C:\\Users\\DG-Fer\\Documents\\lms\\temp\\vendor\\laravel\\framework\\src\\Illuminate\\Foundation\\Http\\Middleware\\CheckForMaintenanceMode.php(46): Illuminate\\Routing\\Pipeline->Illuminate\\Routing\\{closure}(Object(Illuminate\\Http\\Request))
#49 C:\\Users\\DG-Fer\\Documents\\lms\\temp\\vendor\\laravel\\framework\\src\\Illuminate\\Pipeline\\Pipeline.php(149): Illuminate\\Foundation\\Http\\Middleware\\CheckForMaintenanceMode->handle(Object(Illuminate\\Http\\Request), Object(Closure))
#50 C:\\Users\\DG-Fer\\Documents\\lms\\temp\\vendor\\laravel\\framework\\src\\Illuminate\\Routing\\Pipeline.php(53): Illuminate\\Pipeline\\Pipeline->Illuminate\\Pipeline\\{closure}(Object(Illuminate\\Http\\Request))
#51 C:\\Users\\DG-Fer\\Documents\\lms\\temp\\vendor\\laravel\\framework\\src\\Illuminate\\Pipeline\\Pipeline.php(102): Illuminate\\Routing\\Pipeline->Illuminate\\Routing\\{closure}(Object(Illuminate\\Http\\Request))
#52 C:\\Users\\DG-Fer\\Documents\\lms\\temp\\vendor\\laravel\\framework\\src\\Illuminate\\Foundation\\Http\\Kernel.php(151): Illuminate\\Pipeline\\Pipeline->then(Object(Closure))
#53 C:\\Users\\DG-Fer\\Documents\\lms\\temp\\vendor\\laravel\\framework\\src\\Illuminate\\Foundation\\Http\\Kernel.php(116): Illuminate\\Foundation\\Http\\Kernel->sendRequestThroughRouter(Object(Illuminate\\Http\\Request))
#54 C:\\Users\\DG-Fer\\Documents\\lms\\temp\\public\\index.php(55): Illuminate\\Foundation\\Http\\Kernel->handle(Object(Illuminate\\Http\\Request))
#55 C:\\Users\\DG-Fer\\Documents\\lms\\temp\\server.php(21): require_once('C:\\\\Users\\\\DG-Fer...')
#56 {main}
"} 
[2018-05-02 15:44:17] local.ERROR: App\Providers\AppServiceProvider::register(): Failed opening required 'C:\Users\DG-Fer\Documents\lms\temp\app\Providers\..\Http\Helpers\Navigation.php' (include_path='C:\xampp\php\PEAR') {"exception":"[object] (Symfony\\Component\\Debug\\Exception\\FatalErrorException(code: 64): App\\Providers\\AppServiceProvider::register(): Failed opening required 'C:\\Users\\DG-Fer\\Documents\\lms\\temp\\app\\Providers\\..\\Http\\Helpers\\Navigation.php' (include_path='C:\\xampp\\php\\PEAR') at C:\\Users\\DG-Fer\\Documents\\lms\\temp\\app\\Providers\\AppServiceProvider.php:27)
[stacktrace]
#0 {main}
"} 
[2018-05-02 15:47:24] local.ERROR: App\Providers\AppServiceProvider::register(): Failed opening required '\..\Http\Helpers\Navigation.php' (include_path='C:\xampp\php\PEAR') {"exception":"[object] (Symfony\\Component\\Debug\\Exception\\FatalErrorException(code: 64): App\\Providers\\AppServiceProvider::register(): Failed opening required '\\..\\Http\\Helpers\\Navigation.php' (include_path='C:\\xampp\\php\\PEAR') at C:\\Users\\DG-Fer\\Documents\\lms\\temp\\app\\Providers\\AppServiceProvider.php:27)
[stacktrace]
#0 {main}
"} 
[2018-05-02 15:50:14] local.ERROR: Class 'Form' not found (View: C:\Users\DG-Fer\Documents\lms\temp\resources\views\login\login.blade.php) {"exception":"[object] (ErrorException(code: 0): Class 'Form' not found (View: C:\\Users\\DG-Fer\\Documents\\lms\\temp\esources\\views\\login\\login.blade.php) at C:\\Users\\DG-Fer\\Documents\\lms\\temp\\storage\\framework\\views\\312d19693a63e86cd423ddaf45e40f21638666e7.php:13, Symfony\\Component\\Debug\\Exception\\FatalThrowableError(code: 0): Class 'Form' not found at C:\\Users\\DG-Fer\\Documents\\lms\\temp\\storage\\framework\\views\\312d19693a63e86cd423ddaf45e40f21638666e7.php:13)
[stacktrace]
#0 C:\\Users\\DG-Fer\\Documents\\lms\\temp\\vendor\\laravel\\framework\\src\\Illuminate\\View\\Engines\\PhpEngine.php(47): Illuminate\\View\\Engines\\CompilerEngine->handleViewException(Object(Symfony\\Component\\Debug\\Exception\\FatalThrowableError), 1)
#1 C:\\Users\\DG-Fer\\Documents\\lms\\temp\\vendor\\laravel\\framework\\src\\Illuminate\\View\\Engines\\CompilerEngine.php(59): Illuminate\\View\\Engines\\PhpEngine->evaluatePath('C:\\\\Users\\\\DG-Fer...', Array)
#2 C:\\Users\\DG-Fer\\Documents\\lms\\temp\\vendor\\laravel\\framework\\src\\Illuminate\\View\\View.php(137): Illuminate\\View\\Engines\\CompilerEngine->get('C:\\\\Users\\\\DG-Fer...', Array)
#3 C:\\Users\\DG-Fer\\Documents\\lms\\temp\\vendor\\laravel\\framework\\src\\Illuminate\\View\\View.php(120): Illuminate\\View\\View->getContents()
#4 C:\\Users\\DG-Fer\\Documents\\lms\\temp\\vendor\\laravel\\framework\\src\\Illuminate\\View\\View.php(85): Illuminate\\View\\View->renderContents()
#5 C:\\Users\\DG-Fer\\Documents\\lms\\temp\\vendor\\laravel\\framework\\src\\Illuminate\\Http\\Response.php(42): Illuminate\\View\\View->render()
#6 C:\\Users\\DG-Fer\\Documents\\lms\\temp\\vendor\\symfony\\http-foundation\\Response.php(201): Illuminate\\Http\\Response->setContent(Object(Illuminate\\View\\View))
#7 C:\\Users\\DG-Fer\\Documents\\lms\\temp\\vendor\\laravel\\framework\\src\\Illuminate\\Routing\\Router.php(724): Symfony\\Component\\HttpFoundation\\Response->__construct(Object(Illuminate\\View\\View))
#8 C:\\Users\\DG-Fer\\Documents\\lms\\temp\\vendor\\laravel\\framework\\src\\Illuminate\\Routing\\Router.php(698): Illuminate\\Routing\\Router::toResponse(Object(Illuminate\\Http\\Request), Object(Illuminate\\View\\View))
#9 C:\\Users\\DG-Fer\\Documents\\lms\\temp\\vendor\\laravel\\framework\\src\\Illuminate\\Routing\\Router.php(658): Illuminate\\Routing\\Router->prepareResponse(Object(Illuminate\\Http\\Request), Object(Illuminate\\View\\View))
#10 C:\\Users\\DG-Fer\\Documents\\lms\\temp\\vendor\\laravel\\framework\\src\\Illuminate\\Routing\\Pipeline.php(30): Illuminate\\Routing\\Router->Illuminate\\Routing\\{closure}(Object(Illuminate\\Http\\Request))
#11 C:\\Users\\DG-Fer\\Documents\\lms\\temp\\app\\Http\\Middleware\\RedirectIfAuthenticated.php(24): Illuminate\\Routing\\Pipeline->Illuminate\\Routing\\{closure}(Object(Illuminate\\Http\\Request))
#12 C:\\Users\\DG-Fer\\Documents\\lms\\temp\\vendor\\laravel\\framework\\src\\Illuminate\\Pipeline\\Pipeline.php(149): App\\Http\\Middleware\\RedirectIfAuthenticated->handle(Object(Illuminate\\Http\\Request), Object(Closure))
#13 C:\\Users\\DG-Fer\\Documents\\lms\\temp\\vendor\\laravel\\framework\\src\\Illuminate\\Routing\\Pipeline.php(53): Illuminate\\Pipeline\\Pipeline->Illuminate\\Pipeline\\{closure}(Object(Illuminate\\Http\\Request))
#14 C:\\Users\\DG-Fer\\Documents\\lms\\temp\\vendor\\laravel\\framework\\src\\Illuminate\\Routing\\Middleware\\SubstituteBindings.php(41): Illuminate\\Routing\\Pipeline->Illuminate\\Routing\\{closure}(Object(Illuminate\\Http\\Request))
#15 C:\\Users\\DG-Fer\\Documents\\lms\\temp\\vendor\\laravel\\framework\\src\\Illuminate\\Pipeline\\Pipeline.php(149): Illuminate\\Routing\\Middleware\\SubstituteBindings->handle(Object(Illuminate\\Http\\Request), Object(Closure))
#16 C:\\Users\\DG-Fer\\Documents\\lms\\temp\\vendor\\laravel\\framework\\src\\Illuminate\\Routing\\Pipeline.php(53): Illuminate\\Pipeline\\Pipeline->Illuminate\\Pipeline\\{closure}(Object(Illuminate\\Http\\Request))
#17 C:\\Users\\DG-Fer\\Documents\\lms\\temp\\vendor\\laravel\\framework\\src\\Illuminate\\Foundation\\Http\\Middleware\\VerifyCsrfToken.php(67): Illuminate\\Routing\\Pipeline->Illuminate\\Routing\\{closure}(Object(Illuminate\\Http\\Request))
#18 C:\\Users\\DG-Fer\\Documents\\lms\\temp\\vendor\\laravel\\framework\\src\\Illuminate\\Pipeline\\Pipeline.php(149): Illuminate\\Foundation\\Http\\Middleware\\VerifyCsrfToken->handle(Object(Illuminate\\Http\\Request), Object(Closure))
#19 C:\\Users\\DG-Fer\\Documents\\lms\\temp\\vendor\\laravel\\framework\\src\\Illuminate\\Routing\\Pipeline.php(53): Illuminate\\Pipeline\\Pipeline->Illuminate\\Pipeline\\{closure}(Object(Illuminate\\Http\\Request))
#20 C:\\Users\\DG-Fer\\Documents\\lms\\temp\\vendor\\laravel\\framework\\src\\Illuminate\\View\\Middleware\\ShareErrorsFromSession.php(49): Illuminate\\Routing\\Pipeline->Illuminate\\Routing\\{closure}(Object(Illuminate\\Http\\Request))
#21 C:\\Users\\DG-Fer\\Documents\\lms\\temp\\vendor\\laravel\\framework\\src\\Illuminate\\Pipeline\\Pipeline.php(149): Illuminate\\View\\Middleware\\ShareErrorsFromSession->handle(Object(Illuminate\\Http\\Request), Object(Closure))
#22 C:\\Users\\DG-Fer\\Documents\\lms\\temp\\vendor\\laravel\\framework\\src\\Illuminate\\Routing\\Pipeline.php(53): Illuminate\\Pipeline\\Pipeline->Illuminate\\Pipeline\\{closure}(Object(Illuminate\\Http\\Request))
#23 C:\\Users\\DG-Fer\\Documents\\lms\\temp\\vendor\\laravel\\framework\\src\\Illuminate\\Session\\Middleware\\StartSession.php(63): Illuminate\\Routing\\Pipeline->Illuminate\\Routing\\{closure}(Object(Illuminate\\Http\\Request))
#24 C:\\Users\\DG-Fer\\Documents\\lms\\temp\\vendor\\laravel\\framework\\src\\Illuminate\\Pipeline\\Pipeline.php(149): Illuminate\\Session\\Middleware\\StartSession->handle(Object(Illuminate\\Http\\Request), Object(Closure))
#25 C:\\Users\\DG-Fer\\Documents\\lms\\temp\\vendor\\laravel\\framework\\src\\Illuminate\\Routing\\Pipeline.php(53): Illuminate\\Pipeline\\Pipeline->Illuminate\\Pipeline\\{closure}(Object(Illuminate\\Http\\Request))
#26 C:\\Users\\DG-Fer\\Documents\\lms\\temp\\vendor\\laravel\\framework\\src\\Illuminate\\Cookie\\Middleware\\AddQueuedCookiesToResponse.php(37): Illuminate\\Routing\\Pipeline->Illuminate\\Routing\\{closure}(Object(Illuminate\\Http\\Request))
#27 C:\\Users\\DG-Fer\\Documents\\lms\\temp\\vendor\\laravel\\framework\\src\\Illuminate\\Pipeline\\Pipeline.php(149): Illuminate\\Cookie\\Middleware\\AddQueuedCookiesToResponse->handle(Object(Illuminate\\Http\\Request), Object(Closure))
#28 C:\\Users\\DG-Fer\\Documents\\lms\\temp\\vendor\\laravel\\framework\\src\\Illuminate\\Routing\\Pipeline.php(53): Illuminate\\Pipeline\\Pipeline->Illuminate\\Pipeline\\{closure}(Object(Illuminate\\Http\\Request))
#29 C:\\Users\\DG-Fer\\Documents\\lms\\temp\\vendor\\laravel\\framework\\src\\Illuminate\\Cookie\\Middleware\\EncryptCookies.php(59): Illuminate\\Routing\\Pipeline->Illuminate\\Routing\\{closure}(Object(Illuminate\\Http\\Request))
#30 C:\\Users\\DG-Fer\\Documents\\lms\\temp\\vendor\\laravel\\framework\\src\\Illuminate\\Pipeline\\Pipeline.php(149): Illuminate\\Cookie\\Middleware\\EncryptCookies->handle(Object(Illuminate\\Http\\Request), Object(Closure))
#31 C:\\Users\\DG-Fer\\Documents\\lms\\temp\\vendor\\laravel\\framework\\src\\Illuminate\\Routing\\Pipeline.php(53): Illuminate\\Pipeline\\Pipeline->Illuminate\\Pipeline\\{closure}(Object(Illuminate\\Http\\Request))
#32 C:\\Users\\DG-Fer\\Documents\\lms\\temp\\vendor\\laravel\\framework\\src\\Illuminate\\Pipeline\\Pipeline.php(102): Illuminate\\Routing\\Pipeline->Illuminate\\Routing\\{closure}(Object(Illuminate\\Http\\Request))
#33 C:\\Users\\DG-Fer\\Documents\\lms\\temp\\vendor\\laravel\\framework\\src\\Illuminate\\Routing\\Router.php(660): Illuminate\\Pipeline\\Pipeline->then(Object(Closure))
#34 C:\\Users\\DG-Fer\\Documents\\lms\\temp\\vendor\\laravel\\framework\\src\\Illuminate\\Routing\\Router.php(635): Illuminate\\Routing\\Router->runRouteWithinStack(Object(Illuminate\\Routing\\Route), Object(Illuminate\\Http\\Request))
#35 C:\\Users\\DG-Fer\\Documents\\lms\\temp\\vendor\\laravel\\framework\\src\\Illuminate\\Routing\\Router.php(601): Illuminate\\Routing\\Router->runRoute(Object(Illuminate\\Http\\Request), Object(Illuminate\\Routing\\Route))
#36 C:\\Users\\DG-Fer\\Documents\\lms\\temp\\vendor\\laravel\\framework\\src\\Illuminate\\Routing\\Router.php(590): Illuminate\\Routing\\Router->dispatchToRoute(Object(Illuminate\\Http\\Request))
#37 C:\\Users\\DG-Fer\\Documents\\lms\\temp\\vendor\\laravel\\framework\\src\\Illuminate\\Foundation\\Http\\Kernel.php(176): Illuminate\\Routing\\Router->dispatch(Object(Illuminate\\Http\\Request))
#38 C:\\Users\\DG-Fer\\Documents\\lms\\temp\\vendor\\laravel\\framework\\src\\Illuminate\\Routing\\Pipeline.php(30): Illuminate\\Foundation\\Http\\Kernel->Illuminate\\Foundation\\Http\\{closure}(Object(Illuminate\\Http\\Request))
#39 C:\\Users\\DG-Fer\\Documents\\lms\\temp\\vendor\\fideloper\\proxy\\src\\TrustProxies.php(56): Illuminate\\Routing\\Pipeline->Illuminate\\Routing\\{closure}(Object(Illuminate\\Http\\Request))
#40 C:\\Users\\DG-Fer\\Documents\\lms\\temp\\vendor\\laravel\\framework\\src\\Illuminate\\Pipeline\\Pipeline.php(149): Fideloper\\Proxy\\TrustProxies->handle(Object(Illuminate\\Http\\Request), Object(Closure))
#41 C:\\Users\\DG-Fer\\Documents\\lms\\temp\\vendor\\laravel\\framework\\src\\Illuminate\\Routing\\Pipeline.php(53): Illuminate\\Pipeline\\Pipeline->Illuminate\\Pipeline\\{closure}(Object(Illuminate\\Http\\Request))
#42 C:\\Users\\DG-Fer\\Documents\\lms\\temp\\vendor\\laravel\\framework\\src\\Illuminate\\Foundation\\Http\\Middleware\\TransformsRequest.php(30): Illuminate\\Routing\\Pipeline->Illuminate\\Routing\\{closure}(Object(Illuminate\\Http\\Request))
#43 C:\\Users\\DG-Fer\\Documents\\lms\\temp\\vendor\\laravel\\framework\\src\\Illuminate\\Pipeline\\Pipeline.php(149): Illuminate\\Foundation\\Http\\Middleware\\TransformsRequest->handle(Object(Illuminate\\Http\\Request), Object(Closure))
#44 C:\\Users\\DG-Fer\\Documents\\lms\\temp\\vendor\\laravel\\framework\\src\\Illuminate\\Routing\\Pipeline.php(53): Illuminate\\Pipeline\\Pipeline->Illuminate\\Pipeline\\{closure}(Object(Illuminate\\Http\\Request))
#45 C:\\Users\\DG-Fer\\Documents\\lms\\temp\\vendor\\laravel\\framework\\src\\Illuminate\\Foundation\\Http\\Middleware\\TransformsRequest.php(30): Illuminate\\Routing\\Pipeline->Illuminate\\Routing\\{closure}(Object(Illuminate\\Http\\Request))
#46 C:\\Users\\DG-Fer\\Documents\\lms\\temp\\vendor\\laravel\\framework\\src\\Illuminate\\Pipeline\\Pipeline.php(149): Illuminate\\Foundation\\Http\\Middleware\\TransformsRequest->handle(Object(Illuminate\\Http\\Request), Object(Closure))
#47 C:\\Users\\DG-Fer\\Documents\\lms\\temp\\vendor\\laravel\\framework\\src\\Illuminate\\Routing\\Pipeline.php(53): Illuminate\\Pipeline\\Pipeline->Illuminate\\Pipeline\\{closure}(Object(Illuminate\\Http\\Request))
#48 C:\\Users\\DG-Fer\\Documents\\lms\\temp\\vendor\\laravel\\framework\\src\\Illuminate\\Foundation\\Http\\Middleware\\ValidatePostSize.php(27): Illuminate\\Routing\\Pipeline->Illuminate\\Routing\\{closure}(Object(Illuminate\\Http\\Request))
#49 C:\\Users\\DG-Fer\\Documents\\lms\\temp\\vendor\\laravel\\framework\\src\\Illuminate\\Pipeline\\Pipeline.php(149): Illuminate\\Foundation\\Http\\Middleware\\ValidatePostSize->handle(Object(Illuminate\\Http\\Request), Object(Closure))
#50 C:\\Users\\DG-Fer\\Documents\\lms\\temp\\vendor\\laravel\\framework\\src\\Illuminate\\Routing\\Pipeline.php(53): Illuminate\\Pipeline\\Pipeline->Illuminate\\Pipeline\\{closure}(Object(Illuminate\\Http\\Request))
#51 C:\\Users\\DG-Fer\\Documents\\lms\\temp\\vendor\\laravel\\framework\\src\\Illuminate\\Foundation\\Http\\Middleware\\CheckForMaintenanceMode.php(46): Illuminate\\Routing\\Pipeline->Illuminate\\Routing\\{closure}(Object(Illuminate\\Http\\Request))
#52 C:\\Users\\DG-Fer\\Documents\\lms\\temp\\vendor\\laravel\\framework\\src\\Illuminate\\Pipeline\\Pipeline.php(149): Illuminate\\Foundation\\Http\\Middleware\\CheckForMaintenanceMode->handle(Object(Illuminate\\Http\\Request), Object(Closure))
#53 C:\\Users\\DG-Fer\\Documents\\lms\\temp\\vendor\\laravel\\framework\\src\\Illuminate\\Routing\\Pipeline.php(53): Illuminate\\Pipeline\\Pipeline->Illuminate\\Pipeline\\{closure}(Object(Illuminate\\Http\\Request))
#54 C:\\Users\\DG-Fer\\Documents\\lms\\temp\\vendor\\laravel\\framework\\src\\Illuminate\\Pipeline\\Pipeline.php(102): Illuminate\\Routing\\Pipeline->Illuminate\\Routing\\{closure}(Object(Illuminate\\Http\\Request))
#55 C:\\Users\\DG-Fer\\Documents\\lms\\temp\\vendor\\laravel\\framework\\src\\Illuminate\\Foundation\\Http\\Kernel.php(151): Illuminate\\Pipeline\\Pipeline->then(Object(Closure))
#56 C:\\Users\\DG-Fer\\Documents\\lms\\temp\\vendor\\laravel\\framework\\src\\Illuminate\\Foundation\\Http\\Kernel.php(116): Illuminate\\Foundation\\Http\\Kernel->sendRequestThroughRouter(Object(Illuminate\\Http\\Request))
#57 C:\\Users\\DG-Fer\\Documents\\lms\\temp\\public\\index.php(55): Illuminate\\Foundation\\Http\\Kernel->handle(Object(Illuminate\\Http\\Request))
#58 C:\\Users\\DG-Fer\\Documents\\lms\\temp\\server.php(21): require_once('C:\\\\Users\\\\DG-Fer...')
#59 {main}
"} 
[2018-05-02 15:56:08] local.ERROR: Class admin does not exist {"userId":3,"email":"ricardo.allende@subitus.com","exception":"[object] (ReflectionException(code: -1): Class admin does not exist at C:\\Users\\DG-Fer\\Documents\\lms\\temp\\vendor\\laravel\\framework\\src\\Illuminate\\Container\\Container.php:752)
[stacktrace]
#0 C:\\Users\\DG-Fer\\Documents\\lms\\temp\\vendor\\laravel\\framework\\src\\Illuminate\\Container\\Container.php(752): ReflectionClass->__construct('admin')
#1 C:\\Users\\DG-Fer\\Documents\\lms\\temp\\vendor\\laravel\\framework\\src\\Illuminate\\Container\\Container.php(631): Illuminate\\Container\\Container->build('admin')
#2 C:\\Users\\DG-Fer\\Documents\\lms\\temp\\vendor\\laravel\\framework\\src\\Illuminate\\Container\\Container.php(586): Illuminate\\Container\\Container->resolve('admin', Array)
#3 C:\\Users\\DG-Fer\\Documents\\lms\\temp\\vendor\\laravel\\framework\\src\\Illuminate\\Foundation\\Application.php(732): Illuminate\\Container\\Container->make('admin', Array)
#4 C:\\Users\\DG-Fer\\Documents\\lms\\temp\\vendor\\laravel\\framework\\src\\Illuminate\\Pipeline\\Pipeline.php(138): Illuminate\\Foundation\\Application->make('admin')
#5 C:\\Users\\DG-Fer\\Documents\\lms\\temp\\vendor\\laravel\\framework\\src\\Illuminate\\Routing\\Pipeline.php(53): Illuminate\\Pipeline\\Pipeline->Illuminate\\Pipeline\\{closure}(Object(Illuminate\\Http\\Request))
#6 C:\\Users\\DG-Fer\\Documents\\lms\\temp\\vendor\\laravel\\framework\\src\\Illuminate\\Routing\\Middleware\\SubstituteBindings.php(41): Illuminate\\Routing\\Pipeline->Illuminate\\Routing\\{closure}(Object(Illuminate\\Http\\Request))
#7 C:\\Users\\DG-Fer\\Documents\\lms\\temp\\vendor\\laravel\\framework\\src\\Illuminate\\Pipeline\\Pipeline.php(149): Illuminate\\Routing\\Middleware\\SubstituteBindings->handle(Object(Illuminate\\Http\\Request), Object(Closure))
#8 C:\\Users\\DG-Fer\\Documents\\lms\\temp\\vendor\\laravel\\framework\\src\\Illuminate\\Routing\\Pipeline.php(53): Illuminate\\Pipeline\\Pipeline->Illuminate\\Pipeline\\{closure}(Object(Illuminate\\Http\\Request))
#9 C:\\Users\\DG-Fer\\Documents\\lms\\temp\\vendor\\laravel\\framework\\src\\Illuminate\\Auth\\Middleware\\Authenticate.php(43): Illuminate\\Routing\\Pipeline->Illuminate\\Routing\\{closure}(Object(Illuminate\\Http\\Request))
#10 C:\\Users\\DG-Fer\\Documents\\lms\\temp\\vendor\\laravel\\framework\\src\\Illuminate\\Pipeline\\Pipeline.php(149): Illuminate\\Auth\\Middleware\\Authenticate->handle(Object(Illuminate\\Http\\Request), Object(Closure))
#11 C:\\Users\\DG-Fer\\Documents\\lms\\temp\\vendor\\laravel\\framework\\src\\Illuminate\\Routing\\Pipeline.php(53): Illuminate\\Pipeline\\Pipeline->Illuminate\\Pipeline\\{closure}(Object(Illuminate\\Http\\Request))
#12 C:\\Users\\DG-Fer\\Documents\\lms\\temp\\vendor\\laravel\\framework\\src\\Illuminate\\Foundation\\Http\\Middleware\\VerifyCsrfToken.php(67): Illuminate\\Routing\\Pipeline->Illuminate\\Routing\\{closure}(Object(Illuminate\\Http\\Request))
#13 C:\\Users\\DG-Fer\\Documents\\lms\\temp\\vendor\\laravel\\framework\\src\\Illuminate\\Pipeline\\Pipeline.php(149): Illuminate\\Foundation\\Http\\Middleware\\VerifyCsrfToken->handle(Object(Illuminate\\Http\\Request), Object(Closure))
#14 C:\\Users\\DG-Fer\\Documents\\lms\\temp\\vendor\\laravel\\framework\\src\\Illuminate\\Routing\\Pipeline.php(53): Illuminate\\Pipeline\\Pipeline->Illuminate\\Pipeline\\{closure}(Object(Illuminate\\Http\\Request))
#15 C:\\Users\\DG-Fer\\Documents\\lms\\temp\\vendor\\laravel\\framework\\src\\Illuminate\\View\\Middleware\\ShareErrorsFromSession.php(49): Illuminate\\Routing\\Pipeline->Illuminate\\Routing\\{closure}(Object(Illuminate\\Http\\Request))
#16 C:\\Users\\DG-Fer\\Documents\\lms\\temp\\vendor\\laravel\\framework\\src\\Illuminate\\Pipeline\\Pipeline.php(149): Illuminate\\View\\Middleware\\ShareErrorsFromSession->handle(Object(Illuminate\\Http\\Request), Object(Closure))
#17 C:\\Users\\DG-Fer\\Documents\\lms\\temp\\vendor\\laravel\\framework\\src\\Illuminate\\Routing\\Pipeline.php(53): Illuminate\\Pipeline\\Pipeline->Illuminate\\Pipeline\\{closure}(Object(Illuminate\\Http\\Request))
#18 C:\\Users\\DG-Fer\\Documents\\lms\\temp\\vendor\\laravel\\framework\\src\\Illuminate\\Session\\Middleware\\StartSession.php(63): Illuminate\\Routing\\Pipeline->Illuminate\\Routing\\{closure}(Object(Illuminate\\Http\\Request))
#19 C:\\Users\\DG-Fer\\Documents\\lms\\temp\\vendor\\laravel\\framework\\src\\Illuminate\\Pipeline\\Pipeline.php(149): Illuminate\\Session\\Middleware\\StartSession->handle(Object(Illuminate\\Http\\Request), Object(Closure))
#20 C:\\Users\\DG-Fer\\Documents\\lms\\temp\\vendor\\laravel\\framework\\src\\Illuminate\\Routing\\Pipeline.php(53): Illuminate\\Pipeline\\Pipeline->Illuminate\\Pipeline\\{closure}(Object(Illuminate\\Http\\Request))
#21 C:\\Users\\DG-Fer\\Documents\\lms\\temp\\vendor\\laravel\\framework\\src\\Illuminate\\Cookie\\Middleware\\AddQueuedCookiesToResponse.php(37): Illuminate\\Routing\\Pipeline->Illuminate\\Routing\\{closure}(Object(Illuminate\\Http\\Request))
#22 C:\\Users\\DG-Fer\\Documents\\lms\\temp\\vendor\\laravel\\framework\\src\\Illuminate\\Pipeline\\Pipeline.php(149): Illuminate\\Cookie\\Middleware\\AddQueuedCookiesToResponse->handle(Object(Illuminate\\Http\\Request), Object(Closure))
#23 C:\\Users\\DG-Fer\\Documents\\lms\\temp\\vendor\\laravel\\framework\\src\\Illuminate\\Routing\\Pipeline.php(53): Illuminate\\Pipeline\\Pipeline->Illuminate\\Pipeline\\{closure}(Object(Illuminate\\Http\\Request))
#24 C:\\Users\\DG-Fer\\Documents\\lms\\temp\\vendor\\laravel\\framework\\src\\Illuminate\\Cookie\\Middleware\\EncryptCookies.php(59): Illuminate\\Routing\\Pipeline->Illuminate\\Routing\\{closure}(Object(Illuminate\\Http\\Request))
#25 C:\\Users\\DG-Fer\\Documents\\lms\\temp\\vendor\\laravel\\framework\\src\\Illuminate\\Pipeline\\Pipeline.php(149): Illuminate\\Cookie\\Middleware\\EncryptCookies->handle(Object(Illuminate\\Http\\Request), Object(Closure))
#26 C:\\Users\\DG-Fer\\Documents\\lms\\temp\\vendor\\laravel\\framework\\src\\Illuminate\\Routing\\Pipeline.php(53): Illuminate\\Pipeline\\Pipeline->Illuminate\\Pipeline\\{closure}(Object(Illuminate\\Http\\Request))
#27 C:\\Users\\DG-Fer\\Documents\\lms\\temp\\vendor\\laravel\\framework\\src\\Illuminate\\Pipeline\\Pipeline.php(102): Illuminate\\Routing\\Pipeline->Illuminate\\Routing\\{closure}(Object(Illuminate\\Http\\Request))
#28 C:\\Users\\DG-Fer\\Documents\\lms\\temp\\vendor\\laravel\\framework\\src\\Illuminate\\Routing\\Router.php(660): Illuminate\\Pipeline\\Pipeline->then(Object(Closure))
#29 C:\\Users\\DG-Fer\\Documents\\lms\\temp\\vendor\\laravel\\framework\\src\\Illuminate\\Routing\\Router.php(635): Illuminate\\Routing\\Router->runRouteWithinStack(Object(Illuminate\\Routing\\Route), Object(Illuminate\\Http\\Request))
#30 C:\\Users\\DG-Fer\\Documents\\lms\\temp\\vendor\\laravel\\framework\\src\\Illuminate\\Routing\\Router.php(601): Illuminate\\Routing\\Router->runRoute(Object(Illuminate\\Http\\Request), Object(Illuminate\\Routing\\Route))
#31 C:\\Users\\DG-Fer\\Documents\\lms\\temp\\vendor\\laravel\\framework\\src\\Illuminate\\Routing\\Router.php(590): Illuminate\\Routing\\Router->dispatchToRoute(Object(Illuminate\\Http\\Request))
#32 C:\\Users\\DG-Fer\\Documents\\lms\\temp\\vendor\\laravel\\framework\\src\\Illuminate\\Foundation\\Http\\Kernel.php(176): Illuminate\\Routing\\Router->dispatch(Object(Illuminate\\Http\\Request))
#33 C:\\Users\\DG-Fer\\Documents\\lms\\temp\\vendor\\laravel\\framework\\src\\Illuminate\\Routing\\Pipeline.php(30): Illuminate\\Foundation\\Http\\Kernel->Illuminate\\Foundation\\Http\\{closure}(Object(Illuminate\\Http\\Request))
#34 C:\\Users\\DG-Fer\\Documents\\lms\\temp\\vendor\\fideloper\\proxy\\src\\TrustProxies.php(56): Illuminate\\Routing\\Pipeline->Illuminate\\Routing\\{closure}(Object(Illuminate\\Http\\Request))
#35 C:\\Users\\DG-Fer\\Documents\\lms\\temp\\vendor\\laravel\\framework\\src\\Illuminate\\Pipeline\\Pipeline.php(149): Fideloper\\Proxy\\TrustProxies->handle(Object(Illuminate\\Http\\Request), Object(Closure))
#36 C:\\Users\\DG-Fer\\Documents\\lms\\temp\\vendor\\laravel\\framework\\src\\Illuminate\\Routing\\Pipeline.php(53): Illuminate\\Pipeline\\Pipeline->Illuminate\\Pipeline\\{closure}(Object(Illuminate\\Http\\Request))
#37 C:\\Users\\DG-Fer\\Documents\\lms\\temp\\vendor\\laravel\\framework\\src\\Illuminate\\Foundation\\Http\\Middleware\\TransformsRequest.php(30): Illuminate\\Routing\\Pipeline->Illuminate\\Routing\\{closure}(Object(Illuminate\\Http\\Request))
#38 C:\\Users\\DG-Fer\\Documents\\lms\\temp\\vendor\\laravel\\framework\\src\\Illuminate\\Pipeline\\Pipeline.php(149): Illuminate\\Foundation\\Http\\Middleware\\TransformsRequest->handle(Object(Illuminate\\Http\\Request), Object(Closure))
#39 C:\\Users\\DG-Fer\\Documents\\lms\\temp\\vendor\\laravel\\framework\\src\\Illuminate\\Routing\\Pipeline.php(53): Illuminate\\Pipeline\\Pipeline->Illuminate\\Pipeline\\{closure}(Object(Illuminate\\Http\\Request))
#40 C:\\Users\\DG-Fer\\Documents\\lms\\temp\\vendor\\laravel\\framework\\src\\Illuminate\\Foundation\\Http\\Middleware\\TransformsRequest.php(30): Illuminate\\Routing\\Pipeline->Illuminate\\Routing\\{closure}(Object(Illuminate\\Http\\Request))
#41 C:\\Users\\DG-Fer\\Documents\\lms\\temp\\vendor\\laravel\\framework\\src\\Illuminate\\Pipeline\\Pipeline.php(149): Illuminate\\Foundation\\Http\\Middleware\\TransformsRequest->handle(Object(Illuminate\\Http\\Request), Object(Closure))
#42 C:\\Users\\DG-Fer\\Documents\\lms\\temp\\vendor\\laravel\\framework\\src\\Illuminate\\Routing\\Pipeline.php(53): Illuminate\\Pipeline\\Pipeline->Illuminate\\Pipeline\\{closure}(Object(Illuminate\\Http\\Request))
#43 C:\\Users\\DG-Fer\\Documents\\lms\\temp\\vendor\\laravel\\framework\\src\\Illuminate\\Foundation\\Http\\Middleware\\ValidatePostSize.php(27): Illuminate\\Routing\\Pipeline->Illuminate\\Routing\\{closure}(Object(Illuminate\\Http\\Request))
#44 C:\\Users\\DG-Fer\\Documents\\lms\\temp\\vendor\\laravel\\framework\\src\\Illuminate\\Pipeline\\Pipeline.php(149): Illuminate\\Foundation\\Http\\Middleware\\ValidatePostSize->handle(Object(Illuminate\\Http\\Request), Object(Closure))
#45 C:\\Users\\DG-Fer\\Documents\\lms\\temp\\vendor\\laravel\\framework\\src\\Illuminate\\Routing\\Pipeline.php(53): Illuminate\\Pipeline\\Pipeline->Illuminate\\Pipeline\\{closure}(Object(Illuminate\\Http\\Request))
#46 C:\\Users\\DG-Fer\\Documents\\lms\\temp\\vendor\\laravel\\framework\\src\\Illuminate\\Foundation\\Http\\Middleware\\CheckForMaintenanceMode.php(46): Illuminate\\Routing\\Pipeline->Illuminate\\Routing\\{closure}(Object(Illuminate\\Http\\Request))
#47 C:\\Users\\DG-Fer\\Documents\\lms\\temp\\vendor\\laravel\\framework\\src\\Illuminate\\Pipeline\\Pipeline.php(149): Illuminate\\Foundation\\Http\\Middleware\\CheckForMaintenanceMode->handle(Object(Illuminate\\Http\\Request), Object(Closure))
#48 C:\\Users\\DG-Fer\\Documents\\lms\\temp\\vendor\\laravel\\framework\\src\\Illuminate\\Routing\\Pipeline.php(53): Illuminate\\Pipeline\\Pipeline->Illuminate\\Pipeline\\{closure}(Object(Illuminate\\Http\\Request))
#49 C:\\Users\\DG-Fer\\Documents\\lms\\temp\\vendor\\laravel\\framework\\src\\Illuminate\\Pipeline\\Pipeline.php(102): Illuminate\\Routing\\Pipeline->Illuminate\\Routing\\{closure}(Object(Illuminate\\Http\\Request))
#50 C:\\Users\\DG-Fer\\Documents\\lms\\temp\\vendor\\laravel\\framework\\src\\Illuminate\\Foundation\\Http\\Kernel.php(151): Illuminate\\Pipeline\\Pipeline->then(Object(Closure))
#51 C:\\Users\\DG-Fer\\Documents\\lms\\temp\\vendor\\laravel\\framework\\src\\Illuminate\\Foundation\\Http\\Kernel.php(116): Illuminate\\Foundation\\Http\\Kernel->sendRequestThroughRouter(Object(Illuminate\\Http\\Request))
#52 C:\\Users\\DG-Fer\\Documents\\lms\\temp\\public\\index.php(55): Illuminate\\Foundation\\Http\\Kernel->handle(Object(Illuminate\\Http\\Request))
#53 C:\\Users\\DG-Fer\\Documents\\lms\\temp\\server.php(21): require_once('C:\\\\Users\\\\DG-Fer...')
#54 {main}
"} 
[2018-05-02 15:56:09] local.ERROR: Class admin does not exist {"userId":3,"email":"ricardo.allende@subitus.com","exception":"[object] (ReflectionException(code: -1): Class admin does not exist at C:\\Users\\DG-Fer\\Documents\\lms\\temp\\vendor\\laravel\\framework\\src\\Illuminate\\Container\\Container.php:752)
[stacktrace]
#0 C:\\Users\\DG-Fer\\Documents\\lms\\temp\\vendor\\laravel\\framework\\src\\Illuminate\\Container\\Container.php(752): ReflectionClass->__construct('admin')
#1 C:\\Users\\DG-Fer\\Documents\\lms\\temp\\vendor\\laravel\\framework\\src\\Illuminate\\Container\\Container.php(631): Illuminate\\Container\\Container->build('admin')
#2 C:\\Users\\DG-Fer\\Documents\\lms\\temp\\vendor\\laravel\\framework\\src\\Illuminate\\Container\\Container.php(586): Illuminate\\Container\\Container->resolve('admin', Array)
#3 C:\\Users\\DG-Fer\\Documents\\lms\\temp\\vendor\\laravel\\framework\\src\\Illuminate\\Foundation\\Application.php(732): Illuminate\\Container\\Container->make('admin', Array)
#4 C:\\Users\\DG-Fer\\Documents\\lms\\temp\\vendor\\laravel\\framework\\src\\Illuminate\\Foundation\\Http\\Kernel.php(215): Illuminate\\Foundation\\Application->make('admin')
#5 C:\\Users\\DG-Fer\\Documents\\lms\\temp\\vendor\\laravel\\framework\\src\\Illuminate\\Foundation\\Http\\Kernel.php(189): Illuminate\\Foundation\\Http\\Kernel->terminateMiddleware(Object(Illuminate\\Http\\Request), Object(Illuminate\\Http\\Response))
#6 C:\\Users\\DG-Fer\\Documents\\lms\\temp\\public\\index.php(60): Illuminate\\Foundation\\Http\\Kernel->terminate(Object(Illuminate\\Http\\Request), Object(Illuminate\\Http\\Response))
#7 C:\\Users\\DG-Fer\\Documents\\lms\\temp\\server.php(21): require_once('C:\\\\Users\\\\DG-Fer...')
#8 {main}
"} 
